Log file open, 06/08/14 23:14:15
LogInit:Display: Running engine for game: WITBHarmonyofDawn
LogInit: Version: 4.2.0-2092659+++depot+UE4-Releases+4.2
LogInit: Compiled (64-bit): Jun  3 2014 00:56:21
LogInit: Build Configuration: Development
LogInit: Branch Name: ++depot+UE4-Releases+4.2
LogInit: Command line: 
LogInit: Base directory: D:/Program Files/Unreal Engine/4.2/Engine/Binaries/Win64/
LogInit: Rocket: 1
[2014.06.09-04.14.15:780][  0]LogTaskGraph: Started task graph with 3 named threads and 4 total threads.
[2014.06.09-04.14.15:810][  0]LogOnline:Warning: No default platform service specified for OnlineSubsystem
[2014.06.09-04.14.15:841][  0]LogInit: Presizing for 0 objects not considered by GC, pre-allocating 0 bytes.
[2014.06.09-04.14.15:848][  0]LogInit: Object subsystem initialized
[2014.06.09-04.14.15:849][  0]LogInit: Selected Device Profile: [Windows]
[2014.06.09-04.14.15:849][  0]LogInit: Applying CVar settings loaded from the selected device profile: [Windows]
[2014.06.09-04.14.15:854][  0]LogInit: Computer: CITIDEL-PC
[2014.06.09-04.14.15:854][  0]LogInit: User: Citidel
[2014.06.09-04.14.15:859][  0]LogInit: CPU Page size=4096, Cores=4
[2014.06.09-04.14.15:860][  0]LogInit: High frequency timer resolution =2.241083 MHz
[2014.06.09-04.14.15:860][  0]LogMemory: Memory total: Physical=16.0GB (16GB approx) Virtual=8192.0GB
[2014.06.09-04.14.15:860][  0]LogMemory: Platform Memory Stats for Windows
[2014.06.09-04.14.15:860][  0]LogMemory: Process Physical Memory: 54.43 MB used, 54.43 MB peak
[2014.06.09-04.14.15:860][  0]LogMemory: Process Virtual Memory: 31.81 MB used, 31.97 MB peak
[2014.06.09-04.14.15:860][  0]LogMemory: Physical Memory: 6670.06 MB used, 16343.92 MB total
[2014.06.09-04.14.15:860][  0]LogMemory: Virtual Memory: 237.89 MB used, 8388608.00 MB total
[2014.06.09-04.14.15:963][  0]LogD3D11RHI: Found D3D11 adapter 0: NVIDIA GeForce GTX 670M (Feature Level 11_0)
[2014.06.09-04.14.15:963][  0]LogD3D11RHI: Adapter has 3019MB of dedicated video memory, 0MB of dedicated system memory, and 7915MB of shared system memory, 1 output[s]
[2014.06.09-04.14.15:963][  0]LogD3D11RHI: Chosen D3D11 Adapter Id = 0
[2014.06.09-04.14.15:973][  0]LogRHI: Texture pool is 1361 MB (70% of 1945 MB)
[2014.06.09-04.14.15:983][  0]LogD3D11RHI: Async texture creation enabled
[2014.06.09-04.14.16:167][  0]LogContentStreaming: Texture pool size is 0.000000MB
[2014.06.09-04.14.17:175][  0]LogTargetPlatformManager:Display: Building Assets For Windows
[2014.06.09-04.14.17:403][  0]LogTargetPlatformManager:Display: Building Assets For Windows
[2014.06.09-04.14.17:460][  0]LogDerivedDataCache:Display: Max Cache Size: 512 MB
[2014.06.09-04.14.17:500][  0]LogDerivedDataCache: Loaded boot cache 0.04s 40MB C:/Users/Citidel/AppData/Local/UnrealEngine/4.2/DerivedDataCache/Boot.ddc.
[2014.06.09-04.14.17:500][  0]LogDerivedDataCache:Display: Loaded Boot cache: C:/Users/Citidel/AppData/Local/UnrealEngine/4.2/DerivedDataCache/Boot.ddc
[2014.06.09-04.14.17:500][  0]LogDerivedDataCache: FDerivedDataBackendGraph:  Pak pak cache file C:/Users/Citidel/Documents/Unreal Projects/WITBHarmonyofDawn/DerivedDataCache/DDC.ddp not found, will not use a pak cache.
[2014.06.09-04.14.17:500][  0]LogDerivedDataCache: Unable to find inner node Pak for hierarchical cache Hierarchy.
[2014.06.09-04.14.17:511][  0]LogDerivedDataCache:Display: Pak cache opened for reading ../../../Engine/DerivedDataCache/DDC.ddp.
[2014.06.09-04.14.17:522][  0]LogDerivedDataCache: Using Local data cache path C:/Users/Citidel/AppData/Local/UnrealEngine/4.2/DerivedDataCache: Writable
[2014.06.09-04.14.17:717][  0]LogMeshUtilities: No automatic mesh reduction module available
[2014.06.09-04.14.17:717][  0]LogMeshUtilities: No automatic mesh merging module available
[2014.06.09-04.14.18:051][  0]LogInit: WinSock: version 1.1 (2.2), MaxSocks=32767, MaxUdp=65467
[2014.06.09-04.14.18:527][  0]LogStreaming:Warning: Failed to read file '../../../Engine/Content/Editor/Slate/Icons/ActorIcons/GroupActor_16x.png' error.
[2014.06.09-04.14.18:527][  0]LogSlate: Could not find file for Slate resource: ../../../Engine/Content/Editor/Slate/Icons/ActorIcons/GroupActor_16x.png
[2014.06.09-04.14.18:533][  0]LogStreaming:Warning: Failed to read file '../../../Engine/Content/Editor/Slate/Icons/ActorIcons/DecalActor_16x.png' error.
[2014.06.09-04.14.18:533][  0]LogSlate: Could not find file for Slate resource: ../../../Engine/Content/Editor/Slate/Icons/ActorIcons/DecalActor_16x.png
[2014.06.09-04.14.18:879][  0]UdpMessaging: Initializing bridge on interface 0.0.0.0:0 to multicast group 230.0.0.1:6666.
[2014.06.09-04.14.18:969][  0]SourceControl: Info Source control is disabled
[2014.06.09-04.14.18:969][  0]SourceControl: Info Source control is disabled
[2014.06.09-04.14.18:978][  0]SourceControl: Info Source control is disabled
[2014.06.09-04.14.19:076][  0]BlueprintLog: New page: Editor Load
[2014.06.09-04.14.19:673][  0]LogObj: 19136 objects as part of root set at end of initial load.
[2014.06.09-04.14.19:673][  0]LogUObjectAllocator: 3804648 out of 0 bytes used by permanent object pool.
[2014.06.09-04.14.19:910][  0]LogEngine: Initializing Engine...
[2014.06.09-04.14.20:013][  0]LogInit: XAudio2 using 'Speakers (VIA High Definition Audio)' : 6 channels at 48 kHz using 32 bits per sample (channel mask 0x3f)
[2014.06.09-04.14.20:019][  0]LogInit: FAudioDevice initialized.
[2014.06.09-04.14.20:042][  0]LogDerivedDataCache: Saved boot cache 0.02s 40MB C:/Users/Citidel/AppData/Local/UnrealEngine/4.2/DerivedDataCache/Boot.ddc.
[2014.06.09-04.14.20:044][  0]LogInit: Texture streaming: Enabled
[2014.06.09-04.14.20:086][  0]LogInit: Transaction tracking system initialized
[2014.06.09-04.14.20:232][  0]LogAssetRegistry: FAssetRegistry took 0.0103 seconds to start up
[2014.06.09-04.14.20:445][  0]LogModuleManager:Warning: ModuleManager: Unable to load module '' because the file was not found.
[2014.06.09-04.14.20:454][  0]LogModuleManager:Warning: ModuleManager: Unable to load module '' because the file was not found.
[2014.06.09-04.14.20:530][  0]LogConsoleResponse:Display: 
[2014.06.09-04.14.20:793][  0]SourceControl: Info Source control is disabled
[2014.06.09-04.14.20:793][  0]Cmd: MAP LOAD FILE="C:/Users/Citidel/Documents/Unreal Projects/WITBHarmonyofDawn/Content/Maps/Example_Map.umap" TEMPLATE=0 SHOWPROGRESS=1 WORLDCOMPOSITION=0
[2014.06.09-04.14.20:793][  0]LightingResults: New page: Lighting Build
[2014.06.09-04.14.20:804][  0]MapCheck: New page: Map Check
[2014.06.09-04.14.20:804][  0]LightingResults: New page: Lighting Build
[2014.06.09-04.14.20:816][  0]LogParticles: Destroying 0 GPU particle simulations for FXSystem 0x0000000011F49580
[2014.06.09-04.14.21:900][  0]LogEditorServer: Finished looking for orphan Actors (0.000 secs)
[2014.06.09-04.14.21:901][  0]Cmd: MAP CHECKDEP
[2014.06.09-04.14.21:901][  0]MapCheck: New page: Example_Map - Jun 8, 2014, 6:14:21 PM
[2014.06.09-04.14.21:967][  0]MapCheck: Info ========== Map Check: 0 Error(s), 0 Warning(s), [66.52ms] ==========
[2014.06.09-04.14.21:967][  0]LogFileHelpers: Loading map 'Example_Map' took 1.175
[2014.06.09-04.14.22:063][  0]LogCollectionManager: Loaded 0 collections in 0.001457 seconds
[2014.06.09-04.14.22:183][  0]LogCrashTracker: Crashtracker disabled due to settings.
[2014.06.09-04.14.22:184][  0]Cmd: MODE PLACEMENT
[2014.06.09-04.14.22:225][  0]LogLoad: Full Startup: 7.48 seconds (BP compile: 0.06 seconds)
[2014.06.09-04.14.22:448][  0]LogRenderer:Warning: Reallocating scene render targets to support 1136x896.
[2014.06.09-04.14.22:540][  1]LogEpicStorage:Warning: EnumerateFiles request failed. Invalid response. code=403 error=<?xml version="1.0" encoding="UTF-8"?>
<Error><Code>AccessDenied</Code><Message>Access Denied</Message><RequestId>52E171FB5E018A1B</RequestId><HostId>oW5j/LczT1skeTkB8GQ4drs8PUyltaWbH4UFfGnCMBOUtEemaw53WqQYW5Oir236</HostId></Error>
[2014.06.09-04.14.22:549][  1]LogAssetRegistry: Asset discovery search completed in 2.3282 seconds
[2014.06.09-04.14.22:608][  2]LogEpicSurvey:Warning: EnumerateFiles request failed. Invalid response. code=403 error=<?xml version="1.0" encoding="UTF-8"?>
<Error><Code>AccessDenied</Code><Message>Access Denied</Message><RequestId>9CBD735A085EC552</RequestId><HostId>5eA5RpT2GfzNKFb/oB5nCgvbja6x8darqdYzpjEeoO+n1BYBSW03Y7MTFOdeaVZh</HostId></Error>
[2014.06.09-04.14.22:637][  3]LogEpicStorage:Warning: EnumerateFiles request failed. Invalid response. code=403 error=<?xml version="1.0" encoding="UTF-8"?>
<Error><Code>AccessDenied</Code><Message>Access Denied</Message><RequestId>33DFAA422872F2E2</RequestId><HostId>gvy9Uim3/dsCrinecBVLgQy08Cu07JLA6zR02LTbaeG6e6wN0rKOybURNs6Cqg70</HostId></Error>
[2014.06.09-04.14.22:674][  4]LogEpicSurvey:Warning: EnumerateFiles request failed. Invalid response. code=403 error=<?xml version="1.0" encoding="UTF-8"?>
<Error><Code>AccessDenied</Code><Message>Access Denied</Message><RequestId>8F6721FA2BF317A7</RequestId><HostId>zjON3fICxKJBJfi2Ig4mtE0q9zAS8j/nD8gRn7G4+JkryN5RzllI6Hgn+7ldGtJQ</HostId></Error>
[2014.06.09-04.14.22:779][  7]LogEpicSurvey:Warning: EnumerateFiles request failed. Invalid response. code=403 error=<?xml version="1.0" encoding="UTF-8"?>
<Error><Code>AccessDenied</Code><Message>Access Denied</Message><RequestId>B3D62BE2945CC0CB</RequestId><HostId>NAVKy42PRXcwHhGsRDjkwtlRtyF8q1iOl0Fp6NE8T3Q7YedojwM766Vn/BOfp2K3AQkKQFhitBU=</HostId></Error>
[2014.06.09-04.14.22:899][ 10]LogEpicStorage:Warning: ReadFile request failed. File request already pending for filename=http://cdn.unrealengine.com/newsfeed/blueprint_icon_b.png
[2014.06.09-04.14.30:038][249]Cmd: QUIT_EDITOR
[2014.06.09-04.14.30:082][249]LogWindowsTextInputMethodSystem:Error: Terminating failed while unadvising the language notification sink from the TSF source.
[2014.06.09-04.14.30:083][249]LogExit: Preparing to exit.
[2014.06.09-04.14.31:009][249]LogExit: Editor shut down
[2014.06.09-04.14.31:010][249]LogExit: Transaction tracking system shut down
[2014.06.09-04.14.31:010][249]LogParticles: Destroying 0 GPU particle simulations for FXSystem 0x000000000C29F100
[2014.06.09-04.14.31:024][249]LogExit: Object subsystem successfully closed.
[2014.06.09-04.14.31:053][249]LogModuleManager: Shutting down and abandoning module AndroidDeviceDetection (163)
[2014.06.09-04.14.31:053][249]LogModuleManager: Shutting down and abandoning module CrashTracker (162)
[2014.06.09-04.14.31:053][249]LogModuleManager: Shutting down and abandoning module HTTP (161)
[2014.06.09-04.14.31:053][249]LogModuleManager: Shutting down and abandoning module NewsFeed (160)
[2014.06.09-04.14.31:053][249]LogModuleManager: Shutting down and abandoning module SceneOutliner (159)
[2014.06.09-04.14.31:053][249]LogModuleManager: Shutting down and abandoning module EditorWidgets (158)
[2014.06.09-04.14.31:053][249]LogModuleManager: Shutting down and abandoning module CollectionManager (157)
[2014.06.09-04.14.31:053][249]LogModuleManager: Shutting down and abandoning module StatsViewer (156)
[2014.06.09-04.14.31:053][249]LogModuleManager: Shutting down and abandoning module FoliageEdit (155)
[2014.06.09-04.14.31:053][249]LogModuleManager: Shutting down and abandoning module LandscapeEditor (154)
[2014.06.09-04.14.31:056][249]LogModuleManager: Shutting down and abandoning module MeshPaint (153)
[2014.06.09-04.14.31:056][249]LogModuleManager: Shutting down and abandoning module ActorPickerMode (152)
[2014.06.09-04.14.31:056][249]LogModuleManager: Shutting down and abandoning module GeometryMode (151)
[2014.06.09-04.14.31:056][249]LogModuleManager: Shutting down and abandoning module TextureAlignMode (150)
[2014.06.09-04.14.31:056][249]LogModuleManager: Shutting down and abandoning module BspMode (149)
[2014.06.09-04.14.31:056][249]LogModuleManager: Shutting down and abandoning module PlacementMode (148)
[2014.06.09-04.14.31:057][249]LogModuleManager: Shutting down and abandoning module AutomationWorker (147)
[2014.06.09-04.14.31:057][249]LogModuleManager: Shutting down and abandoning module ViewportSnapping (146)
[2014.06.09-04.14.31:057][249]LogModuleManager: Shutting down and abandoning module DeviceProfileEditor (145)
[2014.06.09-04.14.31:057][249]LogModuleManager: Shutting down and abandoning module UndoHistory (144)
[2014.06.09-04.14.31:057][249]LogModuleManager: Shutting down and abandoning module GameplayTagsEditor (143)
[2014.06.09-04.14.31:057][249]LogModuleManager: Shutting down and abandoning module UserFeedback (142)
[2014.06.09-04.14.31:057][249]LogModuleManager: Shutting down and abandoning module XmlParser (141)
[2014.06.09-04.14.31:057][249]LogModuleManager: Shutting down and abandoning module Blutility (140)
[2014.06.09-04.14.31:057][249]LogModuleManager: Shutting down and abandoning module AndroidPlatformEditor (137)
[2014.06.09-04.14.31:057][249]LogModuleManager: Shutting down and abandoning module AndroidRuntimeSettings (136)
[2014.06.09-04.14.31:057][249]LogModuleManager: Shutting down and abandoning module ProjectSettingsViewer (135)
[2014.06.09-04.14.31:057][249]LogModuleManager: Shutting down and abandoning module InputBindingEditor (134)
[2014.06.09-04.14.31:057][249]LogModuleManager: Shutting down and abandoning module EditorSettingsViewer (133)
[2014.06.09-04.14.31:057][249]LogModuleManager: Shutting down and abandoning module SettingsEditor (132)
[2014.06.09-04.14.31:057][249]LogModuleManager: Shutting down and abandoning module SessionLauncher (131)
[2014.06.09-04.14.31:057][249]LogModuleManager: Shutting down and abandoning module SessionFrontend (130)
[2014.06.09-04.14.31:057][249]LogModuleManager: Shutting down and abandoning module ProfilerClient (129)
[2014.06.09-04.14.31:057][249]LogModuleManager: Shutting down and abandoning module TargetDeviceServices (128)
[2014.06.09-04.14.31:057][249]LogModuleManager: Shutting down and abandoning module DeviceManager (127)
[2014.06.09-04.14.31:057][249]LogModuleManager: Shutting down and abandoning module AutomationController (126)
[2014.06.09-04.14.31:057][249]LogModuleManager: Shutting down and abandoning module AutomationWindow (125)
[2014.06.09-04.14.31:057][249]LogModuleManager: Shutting down and abandoning module Layers (124)
[2014.06.09-04.14.31:057][249]LogModuleManager: Shutting down and abandoning module ComponentVisualizers (123)
[2014.06.09-04.14.31:057][249]LogModuleManager: Shutting down and abandoning module DetailCustomizations (122)
[2014.06.09-04.14.31:057][249]LogModuleManager: Shutting down and abandoning module PackagesDialog (121)
[2014.06.09-04.14.31:057][249]LogModuleManager: Shutting down and abandoning module PropertyEditor (120)
[2014.06.09-04.14.31:057][249]LogModuleManager: Shutting down and abandoning module DirectoryWatcher (119)
[2014.06.09-04.14.31:057][249]LogModuleManager: Shutting down and abandoning module AssetRegistry (118)
[2014.06.09-04.14.31:073][249]LogModuleManager: Shutting down and abandoning module Persona (117)
[2014.06.09-04.14.31:073][249]LogModuleManager: Shutting down and abandoning module GraphEditor (116)
[2014.06.09-04.14.31:073][249]LogModuleManager: Shutting down and abandoning module ContentBrowser (115)
[2014.06.09-04.14.31:073][249]LogModuleManager: Shutting down and abandoning module ClassViewer (114)
[2014.06.09-04.14.31:073][249]LogModuleManager: Shutting down and abandoning module Toolbox (113)
[2014.06.09-04.14.31:073][249]LogModuleManager: Shutting down and abandoning module ModuleUI (112)
[2014.06.09-04.14.31:073][249]LogModuleManager: Shutting down and abandoning module Sequencer (111)
[2014.06.09-04.14.31:073][249]LogModuleManager: Shutting down and abandoning module AssetTools (110)
[2014.06.09-04.14.31:073][249]LogModuleManager: Shutting down and abandoning module MovieSceneTools (109)
[2014.06.09-04.14.31:073][249]LogModuleManager: Shutting down and abandoning module OutputLog (108)
[2014.06.09-04.14.31:073][249]LogModuleManager: Shutting down and abandoning module GammaUI (107)
[2014.06.09-04.14.31:073][249]LogModuleManager: Shutting down and abandoning module Documentation (106)
[2014.06.09-04.14.31:073][249]LogModuleManager: Shutting down and abandoning module StreamingPauseRendering (105)
[2014.06.09-04.14.31:073][249]LogModuleManager: Shutting down and abandoning module AnalyticsET (104)
[2014.06.09-04.14.31:073][249]LogModuleManager: Shutting down and abandoning module Analytics (103)
[2014.06.09-04.14.31:073][249]LogModuleManager: Shutting down and abandoning module ProfilerService (102)
[2014.06.09-04.14.31:196][249]LogModuleManager: Shutting down and abandoning module TaskGraph (101)
[2014.06.09-04.14.31:196][249]LogModuleManager: Shutting down and abandoning module GameProjectGeneration (100)
[2014.06.09-04.14.31:196][249]LogModuleManager: Shutting down and abandoning module Matinee (99)
[2014.06.09-04.14.31:196][249]LogModuleManager: Shutting down and abandoning module Kismet (98)
[2014.06.09-04.14.31:196][249]LogModuleManager: Shutting down and abandoning module SlateReflector (97)
[2014.06.09-04.14.31:196][249]LogModuleManager: Shutting down and abandoning module LevelEditor (96)
[2014.06.09-04.14.31:197][249]LogModuleManager: Shutting down and abandoning module MainFrame (95)
[2014.06.09-04.14.31:197][249]LogModuleManager: Shutting down and abandoning module SourceControl (94)
[2014.06.09-04.14.31:197][249]LogModuleManager: Shutting down and abandoning module ImageWrapper (93)
[2014.06.09-04.14.31:197][249]LogModuleManager: Shutting down and abandoning module OnlineBlueprintSupport (92)
[2014.06.09-04.14.31:197][249]LogModuleManager: Shutting down and abandoning module FunctionalTesting (91)
[2014.06.09-04.14.31:197][249]LogModuleManager: Shutting down and abandoning module CollisionAnalyzer (90)
[2014.06.09-04.14.31:197][249]LogModuleManager: Shutting down and abandoning module WorkspaceMenuStructure (89)
[2014.06.09-04.14.31:197][249]LogModuleManager: Shutting down and abandoning module MessageLog (88)
[2014.06.09-04.14.31:197][249]LogModuleManager: Shutting down and abandoning module Slate (87)
[2014.06.09-04.14.31:197][249]LogModuleManager: Shutting down and abandoning module EditorStyle (86)
[2014.06.09-04.14.31:198][249]LogModuleManager: Shutting down and abandoning module SessionServices (85)
[2014.06.09-04.14.31:198][249]LogModuleManager: Shutting down and abandoning module Messaging (84)
[2014.06.09-04.14.31:198][249]LogModuleManager: Shutting down and abandoning module SourceCodeAccess (83)
[2014.06.09-04.14.31:198][249]LogModuleManager: Shutting down and abandoning module HeadMountedDisplay (82)
[2014.06.09-04.14.31:198][249]LogModuleManager: Shutting down and abandoning module XAudio2 (81)
[2014.06.09-04.14.31:198][249]LogModuleManager: Shutting down and abandoning module Networking (79)
[2014.06.09-04.14.31:198][249]LogModuleManager: Shutting down and abandoning module Core (78)
[2014.06.09-04.14.31:198][249]LogModuleManager: Shutting down and abandoning module KismetCompiler (77)
[2014.06.09-04.14.31:198][249]LogModuleManager: Shutting down and abandoning module PhysXFormats (76)
[2014.06.09-04.14.31:198][249]LogModuleManager: Shutting down and abandoning module SimplygonMeshReduction (75)
[2014.06.09-04.14.31:198][249]LogModuleManager: Shutting down and abandoning module MeshUtilities (74)
[2014.06.09-04.14.31:198][249]LogModuleManager: Shutting down and abandoning module DerivedDataCache (73)
[2014.06.09-04.14.31:512][249]LogDerivedDataCache: Shutdown
[2014.06.09-04.14.31:512][249]LogModuleManager: Shutting down and abandoning module ShaderFormatOpenGL (72)
[2014.06.09-04.14.31:512][249]LogModuleManager: Shutting down and abandoning module ShaderFormatD3D (71)
[2014.06.09-04.14.31:512][249]LogModuleManager: Shutting down and abandoning module TextureFormatUncompressed (70)
[2014.06.09-04.14.31:512][249]LogModuleManager: Shutting down and abandoning module TextureFormatPVR (69)
[2014.06.09-04.14.31:512][249]LogModuleManager: Shutting down and abandoning module TextureFormatDXT (68)
[2014.06.09-04.14.31:512][249]LogModuleManager: Shutting down and abandoning module TextureFormatAndroid (67)
[2014.06.09-04.14.31:512][249]LogModuleManager: Shutting down and abandoning module AudioFormatOpus (66)
[2014.06.09-04.14.31:512][249]LogModuleManager: Shutting down and abandoning module AudioFormatOgg (65)
[2014.06.09-04.14.31:512][249]LogModuleManager: Shutting down and abandoning module AudioFormatADPCM (64)
[2014.06.09-04.14.31:512][249]LogModuleManager: Shutting down and abandoning module Android_PVRTCTargetPlatform (63)
[2014.06.09-04.14.31:512][249]LogModuleManager: Shutting down and abandoning module Android_ETC2TargetPlatform (62)
[2014.06.09-04.14.31:512][249]LogModuleManager: Shutting down and abandoning module Android_ETC1TargetPlatform (61)
[2014.06.09-04.14.31:513][249]LogModuleManager: Shutting down and abandoning module Android_DXTTargetPlatform (60)
[2014.06.09-04.14.31:513][249]LogModuleManager: Shutting down and abandoning module Android_ATCTargetPlatform (59)
[2014.06.09-04.14.31:513][249]LogModuleManager: Shutting down and abandoning module AndroidTargetPlatform (58)
[2014.06.09-04.14.31:513][249]LogModuleManager: Shutting down and abandoning module WindowsTargetPlatform (57)
[2014.06.09-04.14.31:513][249]LogModuleManager: Shutting down and abandoning module WindowsServerTargetPlatform (56)
[2014.06.09-04.14.31:513][249]LogModuleManager: Shutting down and abandoning module WindowsNoEditorTargetPlatform (55)
[2014.06.09-04.14.31:513][249]LogModuleManager: Shutting down and abandoning module WindowsClientTargetPlatform (54)
[2014.06.09-04.14.31:513][249]LogModuleManager: Shutting down and abandoning module TargetPlatform (53)
[2014.06.09-04.14.31:513][249]LogModuleManager: Shutting down and abandoning module InputCore (52)
[2014.06.09-04.14.31:513][249]LogModuleManager: Shutting down and abandoning module Settings (51)
[2014.06.09-04.14.31:513][249]LogModuleManager: Shutting down and abandoning module TextureCompressor (48)
[2014.06.09-04.14.31:513][249]LogModuleManager: Shutting down and abandoning module ShaderCore (47)
[2014.06.09-04.14.31:513][249]LogModuleManager: Shutting down and abandoning module OpenGLDrv (46)
[2014.06.09-04.14.31:513][249]LogModuleManager: Shutting down and abandoning module D3D11RHI (45)
[2014.06.09-04.14.31:513][249]LogModuleManager: Shutting down and abandoning module SlateRHIRenderer (44)
[2014.06.09-04.14.31:513][249]LogModuleManager: Shutting down and abandoning module Renderer (43)
[2014.06.09-04.14.31:513][249]LogModuleManager: Shutting down and abandoning module Engine (42)
[2014.06.09-04.14.31:513][249]LogModuleManager: Shutting down and abandoning module SlateRemote (41)
[2014.06.09-04.14.31:513][249]LogModuleManager: Shutting down and abandoning module ScriptPlugin (40)
[2014.06.09-04.14.31:513][249]LogModuleManager: Shutting down and abandoning module ScriptEditorPlugin (38)
[2014.06.09-04.14.31:513][249]LogModuleManager: Shutting down and abandoning module WindowsMoviePlayer (37)
[2014.06.09-04.14.31:514][249]LogModuleManager: Shutting down and abandoning module ExampleDeviceProfileSelector (32)
[2014.06.09-04.14.31:514][249]LogModuleManager: Shutting down and abandoning module CustomMeshComponent (31)
[2014.06.09-04.14.31:514][249]LogModuleManager: Shutting down and abandoning module CableComponent (30)
[2014.06.09-04.14.31:514][249]LogModuleManager: Shutting down and abandoning module OculusRift (26)
[2014.06.09-04.14.31:514][249]LogModuleManager: Shutting down and abandoning module UdpMessaging (25)
[2014.06.09-04.14.31:614][249]LogModuleManager: Shutting down and abandoning module MessagingDebugger (24)
[2014.06.09-04.14.31:614][249]LogModuleManager: Shutting down and abandoning module PluginsEditor (14)
[2014.06.09-04.14.31:614][249]LogModuleManager: Shutting down and abandoning module IntroTutorials (13)
[2014.06.09-04.14.31:614][249]LogModuleManager: Shutting down and abandoning module EpicSurvey (12)
[2014.06.09-04.14.31:614][249]LogModuleManager: Shutting down and abandoning module VisualStudioSourceCodeAccess (10)
[2014.06.09-04.14.31:614][249]LogModuleManager: Shutting down and abandoning module UObjectPlugin (9)
[2014.06.09-04.14.31:614][249]LogModuleManager: Shutting down and abandoning module SubversionSourceControl (8)
[2014.06.09-04.14.31:614][249]LogModuleManager: Shutting down and abandoning module PerforceSourceControl (7)
[2014.06.09-04.14.31:614][249]LogModuleManager: Shutting down and abandoning module BlankPlugin (6)
[2014.06.09-04.14.31:614][249]LogModuleManager: Shutting down and abandoning module CoreUObject (5)
[2014.06.09-04.14.31:614][249]LogModuleManager: Shutting down and abandoning module NetworkFile (4)
[2014.06.09-04.14.31:614][249]LogModuleManager: Shutting down and abandoning module StreamingFile (3)
[2014.06.09-04.14.31:614][249]LogModuleManager: Shutting down and abandoning module SandboxFile (2)
[2014.06.09-04.14.31:614][249]LogModuleManager: Shutting down and abandoning module PakFile (1)
[2014.06.09-04.14.31:614][249]LogExit: Exiting.
[2014.06.09-04.14.31:620][249]Log file closed, 06/08/14 23:14:31
